Exception at PC 0x00007FF8AD899129
Exception at PC 0x00007FF8AD899129
Unable to capture context for thread 6168 in process 8876, can not generate back trace
Unable to capture context for thread 13124 in process 8876, can not generate back trace
Unable to capture context for thread 8768 in process 8876, can not generate back trace
Exception at PC 0x00007FF8AD899129
Unable to capture context for thread 6168 in process 8876, can not generate back trace
Unable to capture context for thread 8768 in process 8876, can not generate back trace
Exception at PC 0x00007FF84850BB93
Printing stacktrace...

Exception at PC 0x00007FF8AD899129
Exception at PC 0x00007FF8AD899129
Exception at PC 0x00007FF8AD899129
Exception at PC 0x00007FF8AD899129
Exception at PC 0x00007FF8AD899129
Exception at PC 0x00007FF8AD899129
Exception at PC 0x00007FF8AD899129
Exception at PC 0x00007FF8AD899129
Exception at PC 0x00007FF8AD899129
Exception at PC 0x00007FF8AD899129
Exception at PC 0x00007FF8AD899129
[0]  [0x00007FF84850BB93]
[1]  [0x00007FF84850BB93]
[2]  [0x00007FF84850B4A1]
[3]  [0x00007FF84850B3EF]
[4]  [0x00007FF8484F19FE]
[5]  [0x00007FF8484F0ED1]
[6]  [0x00007FF8484F0D76]
[7]  [0x00007FF8484979F6]
[8]  [0x00007FF848487AFB]
[9]  [0x00007FF8485AE90A]
[10]  [0x00007FF8485C9F87]
[11]  [0x00007FF8485CA05F]
[12] (BaseThreadInitThunk+0x14) [0x00007FF8AF9181F4]
[13] (RtlUserThreadStart+0x21) [0x00007FF8B0E5A271]
Done
Exception at PC 0x00007FF8AD899129
Exception at PC 0x00007FF8AD899129
Exception at PC 0x00007FF8AD899129
Exception at PC 0x00007FF8AD899129
Exception at PC 0x00007FF8AD899129
Exception at PC 0x00007FF8AD899129
Exception at PC 0x00007FF8AD899129
