Unable to capture context for thread 3040 in process 5928, can not generate back trace
Unable to capture context for thread 3288 in process 5928, can not generate back trace
Unable to capture context for thread 8928 in process 5928, can not generate back trace
Exception at PC 0x00007FFE8CD29149
Exception at PC 0x00007FFE8CD29149
Unable to capture context for thread 3988 in process 5928, can not generate back trace
Unable to capture context for thread 10248 in process 5928, can not generate back trace
Exception at PC 0x00007FFE8CD29149
Unable to capture context for thread 3988 in process 5928, can not generate back trace
Unable to capture context for thread 10248 in process 5928, can not generate back trace
Unable to capture context for thread 8148 in process 5928, can not generate back trace
Exception at PC 0x00007FFE6B33BB93
Printing stacktrace...

Unable to capture context for thread 8148 in process 5928, can not generate back trace
Exception at PC 0x00007FFE8CD29149
Exception at PC 0x00007FFE8CD29149
Exception at PC 0x00007FFE8CD29149
Exception at PC 0x00007FFE8CD29149
Exception at PC 0x00007FFE8CD29149
Exception at PC 0x00007FFE8CD29149
Exception at PC 0x00007FFE8CD29149
Exception at PC 0x00007FFE8CD29149
Exception at PC 0x00007FFE8CD29149
Exception at PC 0x00007FFE8CD29149
Exception at PC 0x00007FFE8CD29149
[0]  [0x00007FFE6B33BB93]
[1]  [0x00007FFE6B33BB93]
[2]  [0x00007FFE6B33B4A1]
[3]  [0x00007FFE6B33B3EF]
[4]  [0x00007FFE6B3219FE]
[5]  [0x00007FFE6B320ED1]
[6]  [0x00007FFE6B320D76]
[7]  [0x00007FFE6B2C79F6]
[8]  [0x00007FFE6B2B7AFB]
[9]  [0x00007FFE6B3DE90A]
[10]  [0x00007FFE6B3F9F87]
[11]  [0x00007FFE6B3FA05F]
[12] (BaseThreadInitThunk+0x14) [0x00007FFE908681F4]
[13] (RtlUserThreadStart+0x21) [0x00007FFE90AEA251]
Done
Exception at PC 0x00007FFE8CD29149
Exception at PC 0x00007FFE8CD29149
Exception at PC 0x00007FFE8CD29149
Exception at PC 0x00007FFE8CD29149
Exception at PC 0x00007FFE8CD29149
Exception at PC 0x00007FFE8CD29149
Exception at PC 0x00007FFE8CD29149
