Unable to capture context for thread 15292 in process 13812, can not generate back trace
Unable to capture context for thread 8336 in process 13812, can not generate back trace
Unable to capture context for thread 8464 in process 13812, can not generate back trace
Exception at PC 0x00007FFEB159A388
Exception at PC 0x00007FFEB159A388
Unable to capture context for thread 4604 in process 13812, can not generate back trace
Unable to capture context for thread 6208 in process 13812, can not generate back trace
Unable to capture context for thread 8496 in process 13812, can not generate back trace
Exception at PC 0x00007FFEB159A388
Unable to capture context for thread 4604 in process 13812, can not generate back trace
Unable to capture context for thread 8496 in process 13812, can not generate back trace
Exception at PC 0x00007FFE83D6BB93
Printing stacktrace...

Exception at PC 0x00007FFEB159A388
Exception at PC 0x00007FFEB159A388
Exception at PC 0x00007FFEB159A388
Exception at PC 0x00007FFEB159A388
Exception at PC 0x00007FFEB159A388
Exception at PC 0x00007FFEB159A388
Exception at PC 0x00007FFEB159A388
Exception at PC 0x00007FFEB159A388
Exception at PC 0x00007FFEB159A388
Exception at PC 0x00007FFEB159A388
Exception at PC 0x00007FFEB159A388
[0]  [0x00007FFE83D6BB93]
[1]  [0x00007FFE83D6BB93]
[2]  [0x00007FFE83D6B4A1]
[3]  [0x00007FFE83D6B3EF]
[4]  [0x00007FFE83D519FE]
[5]  [0x00007FFE83D50ED1]
[6]  [0x00007FFE83D50D76]
[7]  [0x00007FFE83CF79F6]
[8]  [0x00007FFE83CE7AFB]
[9]  [0x00007FFE83E0E90A]
[10]  [0x00007FFE83E29F87]
[11]  [0x00007FFE83E2A05F]
[12] (BaseThreadInitThunk+0x14) [0x00007FFEB4413DC4]
[13] (RtlUserThreadStart+0x21) [0x00007FFEB4853691]
Done
Exception at PC 0x00007FFEB159A388
Exception at PC 0x00007FFEB159A388
Exception at PC 0x00007FFEB159A388
Exception at PC 0x00007FFEB159A388
Exception at PC 0x00007FFEB159A388
Exception at PC 0x00007FFEB159A388
