
*** Running vivado
    with args -log Dataflow.vds -m64 -product Vivado -mode batch -messageDb vivado.pb -notrace -source Dataflow.tcl


****** Vivado v2016.4 (64-bit)
  **** SW Build 1756540 on Mon Jan 23 19:11:23 MST 2017
  **** IP Build 1755317 on Mon Jan 23 20:30:07 MST 2017
    ** Copyright 1986-2016 Xilinx, Inc. All Rights Reserved.

source Dataflow.tcl -notrace
Command: synth_design -top Dataflow -part xc7a100tcsg324-1
Starting synth_design
Attempting to get a license for feature 'Synthesis' and/or device 'xc7a100t'
INFO: [Common 17-349] Got license for feature 'Synthesis' and/or device 'xc7a100t'
INFO: Launching helper process for spawning children vivado processes
INFO: Helper process launched with PID 1388 
---------------------------------------------------------------------------------
Starting RTL Elaboration : Time (s): cpu = 00:00:06 ; elapsed = 00:00:13 . Memory (MB): peak = 324.566 ; gain = 112.543
---------------------------------------------------------------------------------
INFO: [Synth 8-638] synthesizing module 'Dataflow' [J:/ECEN 220 Labs/Lab6_Dataflow/Lab6_Dataflow.srcs/sources_1/new/Dataflow.sv:16]
INFO: [Synth 8-638] synthesizing module 'SevenSegment' [J:/ECEN 220 Labs/Lab6_Dataflow/Lab6_Dataflow.srcs/sources_1/new/SevenSegment.sv:23]
INFO: [Synth 8-256] done synthesizing module 'SevenSegment' (1#1) [J:/ECEN 220 Labs/Lab6_Dataflow/Lab6_Dataflow.srcs/sources_1/new/SevenSegment.sv:23]
INFO: [Synth 8-256] done synthesizing module 'Dataflow' (2#1) [J:/ECEN 220 Labs/Lab6_Dataflow/Lab6_Dataflow.srcs/sources_1/new/Dataflow.sv:16]
WARNING: [Synth 8-3917] design Dataflow has port segment[7] driven by constant 1
WARNING: [Synth 8-3917] design Dataflow has port anode[7] driven by constant 1
WARNING: [Synth 8-3917] design Dataflow has port anode[6] driven by constant 1
WARNING: [Synth 8-3917] design Dataflow has port anode[5] driven by constant 1
WARNING: [Synth 8-3917] design Dataflow has port anode[4] driven by constant 1
WARNING: [Synth 8-3917] design Dataflow has port anode[3] driven by constant 1
WARNING: [Synth 8-3917] design Dataflow has port anode[2] driven by constant 1
WARNING: [Synth 8-3917] design Dataflow has port anode[1] driven by constant 1
WARNING: [Synth 8-3917] design Dataflow has port anode[0] driven by constant 0
---------------------------------------------------------------------------------
Finished RTL Elaboration : Time (s): cpu = 00:00:07 ; elapsed = 00:00:15 . Memory (MB): peak = 360.848 ; gain = 148.824
---------------------------------------------------------------------------------

Report Check Netlist: 
+------+------------------+-------+---------+-------+------------------+
|      |Item              |Errors |Warnings |Status |Description       |
+------+------------------+-------+---------+-------+------------------+
|1     |multi_driven_nets |      0|        0|Passed |Multi driven nets |
+------+------------------+-------+---------+-------+------------------+
---------------------------------------------------------------------------------
Finished RTL Optimization Phase 1 : Time (s): cpu = 00:00:07 ; elapsed = 00:00:16 . Memory (MB): peak = 360.848 ; gain = 148.824
---------------------------------------------------------------------------------
INFO: [Device 21-403] Loading part xc7a100tcsg324-1
INFO: [Project 1-570] Preparing netlist for logic optimization

Processing XDC Constraints
Initializing timing engine
Parsing XDC File [J:/ECEN 220 Labs/Lab6_Dataflow/Lab6_Dataflow.srcs/constrs_1/imports/Lab6_Dataflow/nexys4_220.xdc]
Finished Parsing XDC File [J:/ECEN 220 Labs/Lab6_Dataflow/Lab6_Dataflow.srcs/constrs_1/imports/Lab6_Dataflow/nexys4_220.xdc]
INFO: [Project 1-236] Implementation specific constraints were found while reading constraint file [J:/ECEN 220 Labs/Lab6_Dataflow/Lab6_Dataflow.srcs/constrs_1/imports/Lab6_Dataflow/nexys4_220.xdc]. These constraints will be ignored for synthesis but will be used in implementation. Impacted constraints are listed in the file [.Xil/Dataflow_propImpl.xdc].
Resolution: To avoid this warning, move constraints listed in [.Xil/Dataflow_propImpl.xdc] to another XDC file and exclude this new file from synthesis with the used_in_synthesis property (File Properties dialog in GUI) and re-run elaboration/synthesis.
Completed Processing XDC Constraints

INFO: [Project 1-111] Unisim Transformation Summary:
No Unisim elements were transformed.

Constraint Validation Runtime : Time (s): cpu = 00:00:00 ; elapsed = 00:00:00.018 . Memory (MB): peak = 654.168 ; gain = 0.000
---------------------------------------------------------------------------------
Finished Constraint Validation : Time (s): cpu = 00:00:14 ; elapsed = 00:00:32 . Memory (MB): peak = 654.168 ; gain = 442.145
---------------------------------------------------------------------------------
---------------------------------------------------------------------------------
Start Loading Part and Timing Information
---------------------------------------------------------------------------------
Loading part: xc7a100tcsg324-1
---------------------------------------------------------------------------------
Finished Loading Part and Timing Information : Time (s): cpu = 00:00:14 ; elapsed = 00:00:32 . Memory (MB): peak = 654.168 ; gain = 442.145
---------------------------------------------------------------------------------
---------------------------------------------------------------------------------
Start Applying 'set_property' XDC Constraints
---------------------------------------------------------------------------------
---------------------------------------------------------------------------------
Finished applying 'set_property' XDC Constraints : Time (s): cpu = 00:00:14 ; elapsed = 00:00:32 . Memory (MB): peak = 654.168 ; gain = 442.145
---------------------------------------------------------------------------------
---------------------------------------------------------------------------------
Finished RTL Optimization Phase 2 : Time (s): cpu = 00:00:14 ; elapsed = 00:00:32 . Memory (MB): peak = 654.168 ; gain = 442.145
---------------------------------------------------------------------------------

Report RTL Partitions: 
+-+--------------+------------+----------+
| |RTL Partition |Replication |Instances |
+-+--------------+------------+----------+
+-+--------------+------------+----------+
---------------------------------------------------------------------------------
Start RTL Component Statistics 
---------------------------------------------------------------------------------
Detailed RTL Component Info : 
+---Adders : 
	   2 Input      4 Bit       Adders := 1     
	   3 Input      4 Bit       Adders := 1     
+---Muxes : 
	   2 Input      4 Bit        Muxes := 2     
---------------------------------------------------------------------------------
Finished RTL Component Statistics 
---------------------------------------------------------------------------------
---------------------------------------------------------------------------------
Start RTL Hierarchical Component Statistics 
---------------------------------------------------------------------------------
Hierarchical RTL Component report 
Module Dataflow 
Detailed RTL Component Info : 
+---Adders : 
	   2 Input      4 Bit       Adders := 1     
	   3 Input      4 Bit       Adders := 1     
Module SevenSegment 
Detailed RTL Component Info : 
+---Muxes : 
	   2 Input      4 Bit        Muxes := 2     
---------------------------------------------------------------------------------
Finished RTL Hierarchical Component Statistics
---------------------------------------------------------------------------------
---------------------------------------------------------------------------------
Start Part Resource Summary
---------------------------------------------------------------------------------
Part Resources:
DSPs: 240 (col length:80)
BRAMs: 270 (col length: RAMB18 80 RAMB36 40)
---------------------------------------------------------------------------------
Finished Part Resource Summary
---------------------------------------------------------------------------------
---------------------------------------------------------------------------------
Start Cross Boundary and Area Optimization
---------------------------------------------------------------------------------
WARNING: [Synth 8-3917] design Dataflow has port segment[7] driven by constant 1
WARNING: [Synth 8-3917] design Dataflow has port anode[7] driven by constant 1
WARNING: [Synth 8-3917] design Dataflow has port anode[6] driven by constant 1
WARNING: [Synth 8-3917] design Dataflow has port anode[5] driven by constant 1
WARNING: [Synth 8-3917] design Dataflow has port anode[4] driven by constant 1
WARNING: [Synth 8-3917] design Dataflow has port anode[3] driven by constant 1
WARNING: [Synth 8-3917] design Dataflow has port anode[2] driven by constant 1
WARNING: [Synth 8-3917] design Dataflow has port anode[1] driven by constant 1
WARNING: [Synth 8-3917] design Dataflow has port anode[0] driven by constant 0
---------------------------------------------------------------------------------
Finished Cross Boundary and Area Optimization : Time (s): cpu = 00:00:15 ; elapsed = 00:00:33 . Memory (MB): peak = 654.168 ; gain = 442.145
---------------------------------------------------------------------------------

Report RTL Partitions: 
+-+--------------+------------+----------+
| |RTL Partition |Replication |Instances |
+-+--------------+------------+----------+
+-+--------------+------------+----------+
---------------------------------------------------------------------------------
Start Timing Optimization
---------------------------------------------------------------------------------
---------------------------------------------------------------------------------
Start Applying XDC Timing Constraints
---------------------------------------------------------------------------------
---------------------------------------------------------------------------------
Finished Applying XDC Timing Constraints : Time (s): cpu = 00:00:24 ; elapsed = 00:00:41 . Memory (MB): peak = 654.168 ; gain = 442.145
---------------------------------------------------------------------------------
---------------------------------------------------------------------------------
Finished Timing Optimization : Time (s): cpu = 00:00:24 ; elapsed = 00:00:41 . Memory (MB): peak = 654.168 ; gain = 442.145
---------------------------------------------------------------------------------

Report RTL Partitions: 
+-+--------------+------------+----------+
| |RTL Partition |Replication |Instances |
+-+--------------+------------+----------+
+-+--------------+------------+----------+
---------------------------------------------------------------------------------
Start Technology Mapping
---------------------------------------------------------------------------------
---------------------------------------------------------------------------------
Finished Technology Mapping : Time (s): cpu = 00:00:24 ; elapsed = 00:00:42 . Memory (MB): peak = 654.168 ; gain = 442.145
---------------------------------------------------------------------------------

Report RTL Partitions: 
+-+--------------+------------+----------+
| |RTL Partition |Replication |Instances |
+-+--------------+------------+----------+
+-+--------------+------------+----------+
---------------------------------------------------------------------------------
Start IO Insertion
---------------------------------------------------------------------------------
---------------------------------------------------------------------------------
Start Flattening Before IO Insertion
---------------------------------------------------------------------------------
---------------------------------------------------------------------------------
Finished Flattening Before IO Insertion
---------------------------------------------------------------------------------
---------------------------------------------------------------------------------
Start Final Netlist Cleanup
---------------------------------------------------------------------------------
---------------------------------------------------------------------------------
Finished Final Netlist Cleanup
---------------------------------------------------------------------------------
---------------------------------------------------------------------------------
Finished IO Insertion : Time (s): cpu = 00:00:24 ; elapsed = 00:00:42 . Memory (MB): peak = 654.168 ; gain = 442.145
---------------------------------------------------------------------------------

Report Check Netlist: 
+------+------------------+-------+---------+-------+------------------+
|      |Item              |Errors |Warnings |Status |Description       |
+------+------------------+-------+---------+-------+------------------+
|1     |multi_driven_nets |      0|        0|Passed |Multi driven nets |
+------+------------------+-------+---------+-------+------------------+
---------------------------------------------------------------------------------
Start Renaming Generated Instances
---------------------------------------------------------------------------------
---------------------------------------------------------------------------------
Finished Renaming Generated Instances : Time (s): cpu = 00:00:24 ; elapsed = 00:00:42 . Memory (MB): peak = 654.168 ; gain = 442.145
---------------------------------------------------------------------------------

Report RTL Partitions: 
+-+--------------+------------+----------+
| |RTL Partition |Replication |Instances |
+-+--------------+------------+----------+
+-+--------------+------------+----------+
---------------------------------------------------------------------------------
Start Rebuilding User Hierarchy
---------------------------------------------------------------------------------
---------------------------------------------------------------------------------
Finished Rebuilding User Hierarchy : Time (s): cpu = 00:00:24 ; elapsed = 00:00:42 . Memory (MB): peak = 654.168 ; gain = 442.145
---------------------------------------------------------------------------------
---------------------------------------------------------------------------------
Start Renaming Generated Ports
---------------------------------------------------------------------------------
---------------------------------------------------------------------------------
Finished Renaming Generated Ports : Time (s): cpu = 00:00:24 ; elapsed = 00:00:42 . Memory (MB): peak = 654.168 ; gain = 442.145
---------------------------------------------------------------------------------
---------------------------------------------------------------------------------
Start Handling Custom Attributes
---------------------------------------------------------------------------------
---------------------------------------------------------------------------------
Finished Handling Custom Attributes : Time (s): cpu = 00:00:24 ; elapsed = 00:00:42 . Memory (MB): peak = 654.168 ; gain = 442.145
---------------------------------------------------------------------------------
---------------------------------------------------------------------------------
Start Renaming Generated Nets
---------------------------------------------------------------------------------
---------------------------------------------------------------------------------
Finished Renaming Generated Nets : Time (s): cpu = 00:00:24 ; elapsed = 00:00:42 . Memory (MB): peak = 654.168 ; gain = 442.145
---------------------------------------------------------------------------------
---------------------------------------------------------------------------------
Start Writing Synthesis Report
---------------------------------------------------------------------------------

Report BlackBoxes: 
+-+--------------+----------+
| |BlackBox name |Instances |
+-+--------------+----------+
+-+--------------+----------+

Report Cell Usage: 
+------+-----+------+
|      |Cell |Count |
+------+-----+------+
|1     |LUT2 |     4|
|2     |LUT3 |     2|
|3     |LUT4 |     4|
|4     |LUT5 |     4|
|5     |LUT6 |    35|
|6     |IBUF |    21|
|7     |OBUF |    32|
+------+-----+------+

Report Instance Areas: 
+------+---------+-------+------+
|      |Instance |Module |Cells |
+------+---------+-------+------+
|1     |top      |       |   102|
+------+---------+-------+------+
---------------------------------------------------------------------------------
Finished Writing Synthesis Report : Time (s): cpu = 00:00:24 ; elapsed = 00:00:42 . Memory (MB): peak = 654.168 ; gain = 442.145
---------------------------------------------------------------------------------
Synthesis finished with 0 errors, 0 critical warnings and 9 warnings.
Synthesis Optimization Runtime : Time (s): cpu = 00:00:12 ; elapsed = 00:00:20 . Memory (MB): peak = 654.168 ; gain = 111.344
Synthesis Optimization Complete : Time (s): cpu = 00:00:24 ; elapsed = 00:00:42 . Memory (MB): peak = 654.168 ; gain = 442.145
INFO: [Project 1-571] Translating synthesized netlist
INFO: [Netlist 29-17] Analyzing 21 Unisim elements for replacement
INFO: [Netlist 29-28] Unisim Transformation completed in 0 CPU seconds
INFO: [Project 1-570] Preparing netlist for logic optimization
INFO: [Opt 31-138] Pushed 0 inverter(s) to 0 load pin(s).
INFO: [Project 1-111] Unisim Transformation Summary:
No Unisim elements were transformed.

INFO: [Common 17-83] Releasing license: Synthesis
18 Infos, 18 Warnings, 0 Critical Warnings and 0 Errors encountered.
synth_design completed successfully
synth_design: Time (s): cpu = 00:00:22 ; elapsed = 00:00:36 . Memory (MB): peak = 654.168 ; gain = 413.199
INFO: [Common 17-1381] The checkpoint 'J:/ECEN 220 Labs/Lab6_Dataflow/Lab6_Dataflow.runs/synth_1/Dataflow.dcp' has been generated.
report_utilization: Time (s): cpu = 00:00:00 ; elapsed = 00:00:00.141 . Memory (MB): peak = 654.168 ; gain = 0.000
INFO: [Common 17-206] Exiting Vivado at Tue Feb 26 13:54:10 2019...
