Unable to capture context for thread 3616 in process 11220, can not generate back trace
Unable to capture context for thread 4448 in process 11220, can not generate back trace
Unable to capture context for thread 2420 in process 11220, can not generate back trace
Exception at PC 0x00007FFE243A9149
Exception at PC 0x00007FFE243A9149
Unable to capture context for thread 13072 in process 11220, can not generate back trace
Unable to capture context for thread 8788 in process 11220, can not generate back trace
Unable to capture context for thread 9416 in process 11220, can not generate back trace
Exception at PC 0x00007FFE243A9149
Unable to capture context for thread 9416 in process 11220, can not generate back trace
Exception at PC 0x00007FFDBBD3BB93
Printing stacktrace...

Exception at PC 0x00007FFE243A9149
Exception at PC 0x00007FFE243A9149
Exception at PC 0x00007FFE243A9149
Exception at PC 0x00007FFE243A9149
Exception at PC 0x00007FFE243A9149
Exception at PC 0x00007FFE243A9149
Exception at PC 0x00007FFE243A9149
Exception at PC 0x00007FFE243A9149
Exception at PC 0x00007FFE243A9149
Exception at PC 0x00007FFE243A9149
Exception at PC 0x00007FFE243A9149
[0]  [0x00007FFDBBD3BB93]
[1]  [0x00007FFDBBD3BB93]
[2]  [0x00007FFDBBD3B4A1]
[3]  [0x00007FFDBBD3B3EF]
[4]  [0x00007FFDBBD219FE]
[5]  [0x00007FFDBBD20ED1]
[6]  [0x00007FFDBBD20D76]
[7]  [0x00007FFDBBCC79F6]
[8]  [0x00007FFDBBCB7AFB]
[9]  [0x00007FFDBBDDE90A]
[10]  [0x00007FFDBBDF9F87]
[11]  [0x00007FFDBBDFA05F]
[12] (BaseThreadInitThunk+0x14) [0x00007FFE266B81F4]
[13] (RtlUserThreadStart+0x21) [0x00007FFE2744A251]
Done
Exception at PC 0x00007FFE243A9149
Exception at PC 0x00007FFE243A9149
Exception at PC 0x00007FFE243A9149
Exception at PC 0x00007FFE243A9149
Exception at PC 0x00007FFE243A9149
Exception at PC 0x00007FFE243A9149
Exception at PC 0x00007FFE243A9149
