Unable to capture context for thread 13432 in process 14240, can not generate back trace
Unable to capture context for thread 5664 in process 14240, can not generate back trace
Unable to capture context for thread 14744 in process 14240, can not generate back trace
Exception at PC 0x00007FFDC8EABB93
Printing stacktrace...

Exception at PC 0x00007FFE36299149
Exception at PC 0x00007FFE36299149
Exception at PC 0x00007FFE36299149
Exception at PC 0x00007FFE36299149
Exception at PC 0x00007FFE36299149
Exception at PC 0x00007FFE36299149
Exception at PC 0x00007FFE36299149
Exception at PC 0x00007FFE36299149
Exception at PC 0x00007FFE36299149
Exception at PC 0x00007FFE36299149
Exception at PC 0x00007FFE36299149
Exception at PC 0x00007FFE36299149
Exception at PC 0x00007FFE36299149
Exception at PC 0x00007FFE36299149
[0]  [0x00007FFDC8EABB93]
[1]  [0x00007FFDC8EABB93]
[2]  [0x00007FFDC8EAB4A1]
[3]  [0x00007FFDC8EAB3EF]
[4]  [0x00007FFDC8E919FE]
[5]  [0x00007FFDC8E90ED1]
[6]  [0x00007FFDC8E90D76]
[7]  [0x00007FFDC8E379F6]
[8]  [0x00007FFDC8E27AFB]
[9]  [0x00007FFDC8F4E90A]
[10]  [0x00007FFDC8F69F87]
[11]  [0x00007FFDC8F6A05F]
[12] (BaseThreadInitThunk+0x14) [0x00007FFE37A481F4]
[13] (RtlUserThreadStart+0x21) [0x00007FFE3988A251]
Done
Exception at PC 0x00007FFE36299149
Exception at PC 0x00007FFE36299149
Exception at PC 0x00007FFE36299149
Exception at PC 0x00007FFE36299149
Exception at PC 0x00007FFE36299149
Exception at PC 0x00007FFE36299149
Exception at PC 0x00007FFE36299149
