Copyright 1986-2016 Xilinx, Inc. All Rights Reserved.
-------------------------------------------------------------------------------------------------------------------
| Tool Version : Vivado v.2016.4 (win64) Build 1756540 Mon Jan 23 19:11:23 MST 2017
| Date         : Tue Apr 02 14:31:25 2019
| Host         : DIGITAL-11 running 64-bit major release  (build 9200)
| Command      : report_methodology -file tx_top_methodology_drc_routed.rpt -rpx tx_top_methodology_drc_routed.rpx
| Design       : tx_top
| Device       : xc7a100tcsg324-1
| Speed File   : -1
| Design State : Routed
-------------------------------------------------------------------------------------------------------------------

Report Methodology

Table of Contents
-----------------
1. REPORT SUMMARY
2. REPORT DETAILS

1. REPORT SUMMARY
-----------------
            Netlist: netlist
          Floorplan: design_1
      Design limits: <entire design considered>
             Max violations: <unlimited>
             Violations found: 28
+-----------+----------+-------------------------------+------------+
| Rule      | Severity | Description                   | Violations |
+-----------+----------+-------------------------------+------------+
| TIMING-18 | Warning  | Missing input or output delay | 28         |
+-----------+----------+-------------------------------+------------+

2. REPORT DETAILS
-----------------
TIMING-18#1 Warning
Missing input or output delay  
An input delay is missing on btnc relative to clock(s) sys_clk_pin 
Related violations: <none>

TIMING-18#2 Warning
Missing input or output delay  
An input delay is missing on btnd relative to clock(s) sys_clk_pin 
Related violations: <none>

TIMING-18#3 Warning
Missing input or output delay  
An input delay is missing on sw[0] relative to clock(s) sys_clk_pin 
Related violations: <none>

TIMING-18#4 Warning
Missing input or output delay  
An input delay is missing on sw[1] relative to clock(s) sys_clk_pin 
Related violations: <none>

TIMING-18#5 Warning
Missing input or output delay  
An input delay is missing on sw[2] relative to clock(s) sys_clk_pin 
Related violations: <none>

TIMING-18#6 Warning
Missing input or output delay  
An input delay is missing on sw[3] relative to clock(s) sys_clk_pin 
Related violations: <none>

TIMING-18#7 Warning
Missing input or output delay  
An input delay is missing on sw[4] relative to clock(s) sys_clk_pin 
Related violations: <none>

TIMING-18#8 Warning
Missing input or output delay  
An input delay is missing on sw[5] relative to clock(s) sys_clk_pin 
Related violations: <none>

TIMING-18#9 Warning
Missing input or output delay  
An input delay is missing on sw[6] relative to clock(s) sys_clk_pin 
Related violations: <none>

TIMING-18#10 Warning
Missing input or output delay  
An input delay is missing on sw[7] relative to clock(s) sys_clk_pin 
Related violations: <none>

TIMING-18#11 Warning
Missing input or output delay  
An output delay is missing on anode[0] relative to clock(s) sys_clk_pin 
Related violations: <none>

TIMING-18#12 Warning
Missing input or output delay  
An output delay is missing on anode[1] relative to clock(s) sys_clk_pin 
Related violations: <none>

TIMING-18#13 Warning
Missing input or output delay  
An output delay is missing on anode[2] relative to clock(s) sys_clk_pin 
Related violations: <none>

TIMING-18#14 Warning
Missing input or output delay  
An output delay is missing on anode[3] relative to clock(s) sys_clk_pin 
Related violations: <none>

TIMING-18#15 Warning
Missing input or output delay  
An output delay is missing on anode[4] relative to clock(s) sys_clk_pin 
Related violations: <none>

TIMING-18#16 Warning
Missing input or output delay  
An output delay is missing on anode[5] relative to clock(s) sys_clk_pin 
Related violations: <none>

TIMING-18#17 Warning
Missing input or output delay  
An output delay is missing on anode[6] relative to clock(s) sys_clk_pin 
Related violations: <none>

TIMING-18#18 Warning
Missing input or output delay  
An output delay is missing on anode[7] relative to clock(s) sys_clk_pin 
Related violations: <none>

TIMING-18#19 Warning
Missing input or output delay  
An output delay is missing on segment[0] relative to clock(s) sys_clk_pin 
Related violations: <none>

TIMING-18#20 Warning
Missing input or output delay  
An output delay is missing on segment[1] relative to clock(s) sys_clk_pin 
Related violations: <none>

TIMING-18#21 Warning
Missing input or output delay  
An output delay is missing on segment[2] relative to clock(s) sys_clk_pin 
Related violations: <none>

TIMING-18#22 Warning
Missing input or output delay  
An output delay is missing on segment[3] relative to clock(s) sys_clk_pin 
Related violations: <none>

TIMING-18#23 Warning
Missing input or output delay  
An output delay is missing on segment[4] relative to clock(s) sys_clk_pin 
Related violations: <none>

TIMING-18#24 Warning
Missing input or output delay  
An output delay is missing on segment[5] relative to clock(s) sys_clk_pin 
Related violations: <none>

TIMING-18#25 Warning
Missing input or output delay  
An output delay is missing on segment[6] relative to clock(s) sys_clk_pin 
Related violations: <none>

TIMING-18#26 Warning
Missing input or output delay  
An output delay is missing on segment[7] relative to clock(s) sys_clk_pin 
Related violations: <none>

TIMING-18#27 Warning
Missing input or output delay  
An output delay is missing on tx_debug relative to clock(s) sys_clk_pin 
Related violations: <none>

TIMING-18#28 Warning
Missing input or output delay  
An output delay is missing on tx_out relative to clock(s) sys_clk_pin 
Related violations: <none>


